<?xml version="1.0" encoding="UTF-8"?>
<!-- Generated by org.testng.reporters.JUnitReportReporter -->
<testsuite hostname="LAPTOP-EJ3NBRG9" failures="0" tests="1" name="Assignment.GiftCard" time="7.543" errors="0" timestamp="2024-05-21T10:11:43 IST" skipped="0">
  <testcase classname="Assignment.GiftCard" name="gift" time="7.543"/>
  <system-out/>
</testsuite> <!-- Assignment.GiftCard -->
