<?xml version="1.0" encoding="UTF-8"?>
<!-- Generated by org.testng.reporters.JUnitReportReporter -->
<testsuite hostname="LAPTOP-EJ3NBRG9" failures="0" tests="1" name="DatadrivenTesting.ReadDataFromExcelPrimeOrNot" time="0.939" errors="0" timestamp="2024-05-15T11:38:56 IST" skipped="0">
  <testcase classname="DatadrivenTesting.ReadDataFromExcelPrimeOrNot" name="PrimeNo" time="0.939"/>
  <system-out/>
</testsuite> <!-- DatadrivenTesting.ReadDataFromExcelPrimeOrNot -->
