<?xml version="1.0" encoding="UTF-8"?>
<!-- Generated by org.testng.reporters.JUnitReportReporter -->
<testsuite hostname="LAPTOP-EJ3NBRG9" failures="0" tests="1" name="DatadrivenTesting.ReadDataFromExcel2" time="0.960" errors="0" timestamp="2024-05-14T12:49:46 IST" skipped="0">
  <testcase classname="DatadrivenTesting.ReadDataFromExcel2" name="readData" time="0.960"/>
  <system-out/>
</testsuite> <!-- DatadrivenTesting.ReadDataFromExcel2 -->
