<?xml version="1.0" encoding="UTF-8"?>
<!-- Generated by org.testng.reporters.JUnitReportReporter -->
<testsuite hostname="LAPTOP-EJ3NBRG9" failures="0" tests="1" name="Vtigercrm.ContactTest" time="46.814" errors="0" timestamp="2024-03-27T18:56:16 IST" skipped="0">
  <testcase classname="Vtigercrm.ContactTest" name="CreateContactTest" time="46.814"/>
  <system-out/>
</testsuite> <!-- Vtigercrm.ContactTest -->
