<?xml version="1.0" encoding="UTF-8"?>
<!-- Generated by org.testng.reporters.JUnitReportReporter -->
<testsuite hostname="LAPTOP-EJ3NBRG9" failures="0" tests="1" name="DatadrivenTesting.ReadDataFromExcel3" time="0.804" errors="0" timestamp="2024-05-15T11:36:10 IST" skipped="0">
  <testcase classname="DatadrivenTesting.ReadDataFromExcel3" name="readData" time="0.804"/>
  <system-out/>
</testsuite> <!-- DatadrivenTesting.ReadDataFromExcel3 -->
