<?xml version="1.0" encoding="UTF-8"?>
<!-- Generated by org.testng.reporters.JUnitReportReporter -->
<testsuite hostname="LAPTOP-EJ3NBRG9" failures="0" tests="1" name="DatadrivenTesting.DataProviderBasic" time="0.000" errors="0" timestamp="2024-05-20T22:14:19 IST" skipped="1">
  <testcase classname="DatadrivenTesting.DataProviderBasic" name="receiver" time="0.000">
    <skipped/>
  </testcase> <!-- receiver -->
  <system-out/>
</testsuite> <!-- DatadrivenTesting.DataProviderBasic -->
