<?xml version="1.0" encoding="UTF-8"?>
<!-- Generated by org.testng.reporters.JUnitReportReporter -->
<testsuite hostname="LAPTOP-EJ3NBRG9" failures="0" tests="1" name="DatadrivenTesting.ReadDataFromProperties" time="14.648" errors="0" timestamp="2024-05-15T20:37:56 IST" skipped="0">
  <testcase classname="DatadrivenTesting.ReadDataFromProperties" name="readData" time="14.648"/>
  <system-out/>
</testsuite> <!-- DatadrivenTesting.ReadDataFromProperties -->
