<?xml version="1.0" encoding="UTF-8"?>
<!-- Generated by org.testng.reporters.JUnitReportReporter -->
<testsuite hostname="LAPTOP-EJ3NBRG9" failures="0" tests="1" name="Parameter.CrossBrowserTesting" time="123.646" errors="0" timestamp="2024-05-20T12:06:12 IST" skipped="0">
  <testcase classname="Parameter.CrossBrowserTesting" name="CrossBrowser" time="123.646"/>
  <system-out/>
</testsuite> <!-- Parameter.CrossBrowserTesting -->
