<?xml version="1.0" encoding="UTF-8"?>
<!-- Generated by org.testng.reporters.JUnitReportReporter -->
<testsuite hostname="LAPTOP-EJ3NBRG9" failures="0" tests="2" name="TestNGTravel.RedBus" time="17.229" errors="0" timestamp="2024-05-20T11:39:22 IST" skipped="0">
  <testcase classname="TestNGTravel.RedBus" name="redbus" time="8.710"/>
  <system-out/>
  <testcase classname="TestNGTravel.RedBus" name="redbus" time="8.519"/>
  <system-out/>
</testsuite> <!-- TestNGTravel.RedBus -->
