<?xml version="1.0" encoding="UTF-8"?>
<!-- Generated by org.testng.reporters.JUnitReportReporter -->
<testsuite hostname="LAPTOP-EJ3NBRG9" failures="0" tests="1" name="Listeners.TestCase1" time="8.391" errors="0" timestamp="2024-05-25T12:06:40 IST" skipped="0">
  <testcase classname="Listeners.TestCase1" name="addtocart" time="8.391"/>
  <system-out/>
</testsuite> <!-- Listeners.TestCase1 -->
