<?xml version="1.0" encoding="UTF-8"?>
<!-- Generated by org.testng.reporters.JUnitReportReporter -->
<testsuite hostname="LAPTOP-EJ3NBRG9" failures="0" tests="2" name="TestNGFashion.AjioShop" time="21.007" errors="0" timestamp="2024-05-20T11:39:22 IST" skipped="0">
  <testcase classname="TestNGFashion.AjioShop" name="Demowebshop" time="9.933"/>
  <system-out/>
  <testcase classname="TestNGFashion.AjioShop" name="Demowebshop" time="11.074"/>
  <system-out/>
</testsuite> <!-- TestNGFashion.AjioShop -->
