<?xml version="1.0" encoding="UTF-8"?>
<!-- Generated by org.testng.reporters.JUnitReportReporter -->
<testsuite hostname="LAPTOP-EJ3NBRG9" failures="0" tests="2" name="TestNGTravel.MakeMytrip" time="15.816" errors="0" timestamp="2024-05-20T11:39:22 IST" skipped="0">
  <testcase classname="TestNGTravel.MakeMytrip" name="makemytrip" time="6.074"/>
  <system-out/>
  <testcase classname="TestNGTravel.MakeMytrip" name="makemytrip" time="9.742"/>
  <system-out/>
</testsuite> <!-- TestNGTravel.MakeMytrip -->
