<?xml version="1.0" encoding="UTF-8"?>
<!-- Generated by org.testng.reporters.JUnitReportReporter -->
<testsuite hostname="LAPTOP-EJ3NBRG9" failures="0" tests="1" name="basicTestNG.Test2" time="16.265" errors="0" timestamp="2024-05-21T11:09:47 IST" skipped="0">
  <testcase classname="basicTestNG.Test2" name="Ajio" time="16.265"/>
  <system-out/>
</testsuite> <!-- basicTestNG.Test2 -->
