<?xml version="1.0" encoding="UTF-8"?>
<!-- Generated by org.testng.reporters.JUnitReportReporter -->
<testsuite hostname="LAPTOP-EJ3NBRG9" failures="0" tests="1" name="DatadrivenTesting.ReadDataFromExcel" time="0.996" errors="0" timestamp="2024-05-22T11:03:11 IST" skipped="0">
  <testcase classname="DatadrivenTesting.ReadDataFromExcel" name="readData" time="0.996"/>
  <system-out/>
</testsuite> <!-- DatadrivenTesting.ReadDataFromExcel -->
