<?xml version="1.0" encoding="UTF-8"?>
<!-- Generated by org.testng.reporters.JUnitReportReporter -->
<testsuite hostname="LAPTOP-EJ3NBRG9" failures="0" tests="3" name="TestNGBasic.DepemdsOnMethod" time="60.892" errors="0" timestamp="2024-05-16T12:50:14 IST" skipped="0">
  <testcase classname="TestNGBasic.DepemdsOnMethod" name="modifiedAccount" time="27.874"/>
  <system-out/>
  <testcase classname="TestNGBasic.DepemdsOnMethod" name="deleteAccount" time="7.225"/>
  <system-out/>
  <testcase classname="TestNGBasic.DepemdsOnMethod" name="createAccount" time="25.793"/>
  <system-out/>
</testsuite> <!-- TestNGBasic.DepemdsOnMethod -->
