<?xml version="1.0" encoding="UTF-8"?>
<!-- Generated by org.testng.reporters.JUnitReportReporter -->
<testsuite hostname="LAPTOP-EJ3NBRG9" failures="0" tests="1" name="ExtentReport.samplereport" time="0.794" errors="0" timestamp="2024-05-30T09:26:36 IST" skipped="0">
  <testcase classname="ExtentReport.samplereport" name="launchTheReport" time="0.794"/>
  <system-out/>
</testsuite> <!-- ExtentReport.samplereport -->
