<?xml version="1.0" encoding="UTF-8"?>
<!-- Generated by org.testng.reporters.JUnitReportReporter -->
<testsuite hostname="LAPTOP-EJ3NBRG9" failures="0" tests="1" name="Assignment.DWSLogin" time="12.872" errors="0" timestamp="2024-05-21T10:09:09 IST" skipped="0">
  <testcase classname="Assignment.DWSLogin" name="main" time="12.872"/>
  <system-out/>
</testsuite> <!-- Assignment.DWSLogin -->
