<?xml version="1.0" encoding="UTF-8"?>
<!-- Generated by org.testng.reporters.JUnitReportReporter -->
<testsuite hostname="LAPTOP-EJ3NBRG9" failures="0" tests="4" name="TestNGBasic.HelperMethods" time="92.315" errors="0" timestamp="2024-05-21T10:07:29 IST" skipped="0">
  <testcase classname="TestNGBasic.HelperMethods" name="MumbaiIndians" time="12.972"/>
  <system-out/>
  <testcase classname="TestNGBasic.HelperMethods" name="royalchallenege" time="17.203"/>
  <system-out/>
  <testcase classname="TestNGBasic.HelperMethods" name="csk" time="54.200"/>
  <system-out/>
  <testcase classname="TestNGBasic.HelperMethods" name="demo" time="7.940"/>
  <system-out/>
</testsuite> <!-- TestNGBasic.HelperMethods -->
