<?xml version="1.0" encoding="UTF-8"?>
<!-- Generated by org.testng.reporters.JUnitReportReporter -->
<testsuite hostname="LAPTOP-EJ3NBRG9" failures="0" tests="5" name="TestNGBasic.InnvocationCount" time="128.760" errors="0" timestamp="2024-05-16T12:14:06 IST" skipped="0">
  <testcase classname="TestNGBasic.InnvocationCount" name="MumbaiIndians" time="18.869"/>
  <system-out/>
  <testcase classname="TestNGBasic.InnvocationCount" name="royalchallenege" time="20.703"/>
  <system-out/>
  <testcase classname="TestNGBasic.InnvocationCount" name="csk" time="36.006"/>
  <system-out/>
  <testcase classname="TestNGBasic.InnvocationCount" name="csk" time="47.095"/>
  <system-out/>
  <testcase classname="TestNGBasic.InnvocationCount" name="demo" time="6.087"/>
  <system-out/>
</testsuite> <!-- TestNGBasic.InnvocationCount -->
