<?xml version="1.0" encoding="UTF-8"?>
<!-- Generated by org.testng.reporters.JUnitReportReporter -->
<testsuite hostname="LAPTOP-EJ3NBRG9" failures="0" tests="2" name="TestNGFashion.KalkiShop" time="24.539" errors="0" timestamp="2024-05-20T11:39:22 IST" skipped="0">
  <testcase classname="TestNGFashion.KalkiShop" name="kalkishop" time="9.958"/>
  <system-out/>
  <testcase classname="TestNGFashion.KalkiShop" name="kalkishop" time="14.581"/>
  <system-out/>
</testsuite> <!-- TestNGFashion.KalkiShop -->
