<?xml version="1.0" encoding="UTF-8"?>
<!-- Generated by org.testng.reporters.JUnitReportReporter -->
<testsuite hostname="LAPTOP-EJ3NBRG9" failures="0" tests="1" name="basicTestNG.SoftAssert1" time="6.957" errors="0" timestamp="2024-03-18T17:30:17 IST" skipped="0">
  <testcase classname="basicTestNG.SoftAssert1" name="Ajio" time="6.957"/>
  <system-out/>
</testsuite> <!-- basicTestNG.SoftAssert1 -->
