<?xml version="1.0" encoding="UTF-8"?>
<!-- Generated by org.testng.reporters.JUnitReportReporter -->
<testsuite hostname="LAPTOP-EJ3NBRG9" failures="0" tests="2" name="TestNGFashion.DemoWebShop" time="15.471" errors="0" timestamp="2024-05-20T11:39:22 IST" skipped="0">
  <testcase classname="TestNGFashion.DemoWebShop" name="Demowebshop" time="7.744"/>
  <system-out/>
  <testcase classname="TestNGFashion.DemoWebShop" name="Demowebshop" time="7.727"/>
  <system-out/>
</testsuite> <!-- TestNGFashion.DemoWebShop -->
