<?xml version="1.0" encoding="UTF-8"?>
<!-- Generated by org.testng.reporters.JUnitReportReporter -->
<testsuite hostname="LAPTOP-EJ3NBRG9" failures="0" tests="1" name="DatadrivenTesting.ReadDataFromPropertiesFile" time="18.831" errors="0" timestamp="2024-05-15T12:44:41 IST" skipped="0">
  <testcase classname="DatadrivenTesting.ReadDataFromPropertiesFile" name="readData" time="18.831"/>
  <system-out/>
</testsuite> <!-- DatadrivenTesting.ReadDataFromPropertiesFile -->
