<?xml version="1.0" encoding="UTF-8"?>
<!-- Generated by org.testng.reporters.JUnitReportReporter -->
<testsuite hostname="LAPTOP-EJ3NBRG9" failures="0" tests="1" name="DatadrivenTesting.WriteDatatoExcel" time="1.196" errors="0" timestamp="2024-05-29T09:21:35 IST" skipped="0">
  <testcase classname="DatadrivenTesting.WriteDatatoExcel" name="dataToExcel" time="1.196"/>
  <system-out/>
</testsuite> <!-- DatadrivenTesting.WriteDatatoExcel -->
