<?xml version="1.0" encoding="UTF-8"?>
<!-- Generated by org.testng.reporters.JUnitReportReporter -->
<testsuite hostname="LAPTOP-EJ3NBRG9" failures="0" tests="4" name="TestNGBasic.Enabled" time="128.327" errors="0" timestamp="2024-05-16T12:34:04 IST" skipped="1">
  <testcase classname="TestNGBasic.Enabled" name="MumbaiIndians" time="34.564"/>
  <system-out/>
  <testcase classname="TestNGBasic.Enabled" name="royalchallenege" time="36.090"/>
  <system-out/>
  <testcase classname="TestNGBasic.Enabled" name="csk" time="57.673"/>
  <system-out/>
  <testcase classname="TestNGBasic.Enabled" name="demo">
    <skipped/>
  </testcase> <!-- demo -->
  <system-out/>
</testsuite> <!-- TestNGBasic.Enabled -->
